,[main],[INFO ],2023-02-21 09:28:44,239,MySpringBootApplication: Starting MySpringBootApplication on LAPTOP-TJTFFTIV with PID 21696 (D:\apexWork\studyProject\study\target\classes started by chenyufeng in D:\apexWork\studyProject\study)
,[main],[INFO ],2023-02-21 09:28:44,252,MySpringBootApplication: No active profile set, falling back to default profiles: default
,[main],[INFO ],2023-02-21 09:28:45,560,EnableEncryptablePropertiesBeanFactoryPostProcessor: Post-processing PropertySource instances
,[main],[INFO ],2023-02-21 09:28:45,562,EncryptablePropertySourceConverter: Skipping PropertySource configurationProperties [class org.springframework.boot.context.properties.source.ConfigurationPropertySourcesPropertySource
,[main],[INFO ],2023-02-21 09:28:45,563,EncryptablePropertySourceConverter: Skipping PropertySource servletConfigInitParams [class org.springframework.core.env.PropertySource$StubPropertySource
,[main],[INFO ],2023-02-21 09:28:45,563,EncryptablePropertySourceConverter: Skipping PropertySource servletContextInitParams [class org.springframework.core.env.PropertySource$StubPropertySource
,[main],[INFO ],2023-02-21 09:28:45,564,EncryptablePropertySourceConverter: Converting PropertySource systemProperties [org.springframework.core.env.PropertiesPropertySource] to EncryptableMapPropertySourceWrapper
,[main],[INFO ],2023-02-21 09:28:45,564,EncryptablePropertySourceConverter: Converting PropertySource systemEnvironment [org.springframework.boot.env.SystemEnvironmentPropertySourceEnvironmentPostProcessor$OriginAwareSystemEnvironmentPropertySource] to EncryptableSystemEnvironmentPropertySourceWrapper
,[main],[INFO ],2023-02-21 09:28:45,565,EncryptablePropertySourceConverter: Converting PropertySource random [org.springframework.boot.env.RandomValuePropertySource] to EncryptablePropertySourceWrapper
,[main],[INFO ],2023-02-21 09:28:45,565,EncryptablePropertySourceConverter: Converting PropertySource applicationConfig: [classpath:/application.yml] [org.springframework.boot.env.OriginTrackedMapPropertySource] to EncryptableMapPropertySourceWrapper
,[main],[INFO ],2023-02-21 09:28:45,780,DefaultLazyPropertyFilter: Property Filter custom Bean not found with name 'encryptablePropertyFilter'. Initializing Default Property Filter
,[main],[WARN ],2023-02-21 09:28:45,899,jsr: UT026010: Buffer pool was not set on WebSocketDeploymentInfo, the default pool will be used
,[main],[INFO ],2023-02-21 09:28:45,922,servlet: Initializing Spring embedded WebApplicationContext
,[main],[INFO ],2023-02-21 09:28:45,922,ContextLoader: Root WebApplicationContext: initialization completed in 1635 ms
,[main],[INFO ],2023-02-21 09:28:46,937,ThreadPoolTaskExecutor: Initializing ExecutorService 'applicationTaskExecutor'
,[main],[INFO ],2023-02-21 09:28:47,272,EndpointLinksResolver: Exposing 2 endpoint(s) beneath base path '/actuator'
,[main],[INFO ],2023-02-21 09:28:47,468,undertow: starting server: Undertow - 2.1.0.Final
,[main],[INFO ],2023-02-21 09:28:47,475,xnio: XNIO version 3.8.0.Final
,[main],[INFO ],2023-02-21 09:28:47,485,nio: XNIO NIO Implementation Version 3.8.0.Final
,[main],[INFO ],2023-02-21 09:28:47,518,threads: JBoss Threads version 3.1.0.Final
,[main],[INFO ],2023-02-21 09:28:47,558,UndertowWebServer: Undertow started on port(s) 8089 (http)
,[main],[INFO ],2023-02-21 09:28:47,560,RefreshScopeRefreshedEventListener: Refreshing cached encryptable property sources on ServletWebServerInitializedEvent
,[main],[INFO ],2023-02-21 09:28:47,560,CachingDelegateEncryptablePropertySource: Property Source systemProperties refreshed
,[main],[INFO ],2023-02-21 09:28:47,560,CachingDelegateEncryptablePropertySource: Property Source systemEnvironment refreshed
,[main],[INFO ],2023-02-21 09:28:47,560,CachingDelegateEncryptablePropertySource: Property Source random refreshed
,[main],[INFO ],2023-02-21 09:28:47,561,CachingDelegateEncryptablePropertySource: Property Source applicationConfig: [classpath:/application.yml] refreshed
,[main],[INFO ],2023-02-21 09:28:47,561,EncryptablePropertySourceConverter: Converting PropertySource server.ports [org.springframework.core.env.MapPropertySource] to EncryptableMapPropertySourceWrapper
,[main],[INFO ],2023-02-21 09:28:47,561,EncryptablePropertySourceConverter: Skipping PropertySource configurationProperties [class org.springframework.boot.context.properties.source.ConfigurationPropertySourcesPropertySource
,[main],[INFO ],2023-02-21 09:28:47,561,EncryptablePropertySourceConverter: Skipping PropertySource servletConfigInitParams [class org.springframework.core.env.PropertySource$StubPropertySource
,[main],[INFO ],2023-02-21 09:28:47,561,EncryptablePropertySourceConverter: Converting PropertySource servletContextInitParams [org.springframework.web.context.support.ServletContextPropertySource] to EncryptableEnumerablePropertySourceWrapper
,[main],[INFO ],2023-02-21 09:28:47,561,EncryptablePropertySourceConverter: Converting PropertySource Management Server [org.springframework.boot.actuate.autoconfigure.web.server.ManagementContextAutoConfiguration$SameManagementContextConfiguration$1] to EncryptablePropertySourceWrapper
,[main],[INFO ],2023-02-21 09:28:47,616,AbstractCamelContext: Routes startup (total:0 started:0)
,[main],[INFO ],2023-02-21 09:28:47,616,AbstractCamelContext: Apache Camel 3.14.2 (camel-1) started in 105ms (build:71ms init:30ms start:4ms)
,[main],[INFO ],2023-02-21 09:28:47,621,DefaultLazyPropertyResolver: Property Resolver custom Bean not found with name 'encryptablePropertyResolver'. Initializing Default Property Resolver
,[main],[INFO ],2023-02-21 09:28:47,621,DefaultLazyPropertyDetector: Property Detector custom Bean not found with name 'encryptablePropertyDetector'. Initializing Default Property Detector
,[main],[INFO ],2023-02-21 09:28:47,626,MySpringBootApplication: Started MySpringBootApplication in 3.904 seconds (JVM running for 6.21)
,[RMI TCP Connection(3)-10.66.74.170],[INFO ],2023-02-21 09:28:48,315,servlet: Initializing Spring DispatcherServlet 'dispatcherServlet'
,[RMI TCP Connection(3)-10.66.74.170],[INFO ],2023-02-21 09:28:48,315,DispatcherServlet: Initializing Servlet 'dispatcherServlet'
,[RMI TCP Connection(3)-10.66.74.170],[INFO ],2023-02-21 09:28:48,319,DispatcherServlet: Completed initialization in 4 ms
,[SpringContextShutdownHook],[INFO ],2023-02-21 09:29:01,151,AbstractCamelContext: Apache Camel 3.14.2 (camel-1) shutting down (timeout:45s)
,[SpringContextShutdownHook],[INFO ],2023-02-21 09:29:01,152,AbstractCamelContext: Routes stopped (total:0 stopped:0)
,[SpringContextShutdownHook],[INFO ],2023-02-21 09:29:01,154,AbstractCamelContext: Apache Camel 3.14.2 (camel-1) shutdown in 3ms (uptime:13s542ms)
,[SpringContextShutdownHook],[INFO ],2023-02-21 09:29:01,155,undertow: stopping server: Undertow - 2.1.0.Final
,[SpringContextShutdownHook],[INFO ],2023-02-21 09:29:01,160,servlet: Destroying Spring FrameworkServlet 'dispatcherServlet'
,[SpringContextShutdownHook],[INFO ],2023-02-21 09:29:01,162,ThreadPoolTaskExecutor: Shutting down ExecutorService 'applicationTaskExecutor'
